<?xml version="1.0" encoding="UTF-8"?>
<testng-results ignored="0" total="2" passed="2" failed="0" skipped="0">
  <reporter-output>
  </reporter-output>
  <suite started-at="2020-11-21T20:38:17 IST" name="Surefire suite" finished-at="2020-11-21T20:38:17 IST" duration-ms="82">
    <groups>
    </groups>
    <test started-at="2020-11-21T20:38:17 IST" name="Surefire test" finished-at="2020-11-21T20:38:17 IST" duration-ms="82">
      <class name="MavenProject.MavenJava.SeleniumTest">
        <test-method signature="Demo()[pri:0, instance:MavenProject.MavenJava.SeleniumTest@5fcd892a]" started-at="2020-11-21T20:38:17 IST" name="Demo" finished-at="2020-11-21T20:38:17 IST" duration-ms="10" status="PASS">
          <reporter-output>
          </reporter-output>
        </test-method> <!-- Demo -->
        <test-method signature="Demo1()[pri:0, instance:MavenProject.MavenJava.SeleniumTest@5fcd892a]" started-at="2020-11-21T20:38:17 IST" name="Demo1" finished-at="2020-11-21T20:38:17 IST" duration-ms="1" status="PASS">
          <reporter-output>
          </reporter-output>
        </test-method> <!-- Demo1 -->
      </class> <!-- MavenProject.MavenJava.SeleniumTest -->
    </test> <!-- Surefire test -->
  </suite> <!-- Surefire suite -->
</testng-results>
